2000-01-06 00:00:19,No-Fixed,24.228988647460938,120.68830871582031,134,0,0,9999,0
2000-01-05 23:59:38,No-Fixed,24.228988647460938,120.68830871582031,134,0,0,9999,0
2000-01-05 01:40:20,No-Fixed,24.228988647460938,120.68830871582031,134,0,0,9999,0
2000-01-05 01:40:30,No-Fixed,24.228988647460938,120.68830871582031,134,0,0,9999,0
2022-10-26 01:40:40,No-Fixed,24.226879119873047,120.6971435546875,101,0,0,9999,1
2022-10-26 01:40:45,No-Fixed,24.263139724731445,120.57950592041016,112,7,217,271,3
2022-10-26 01:41:01,3D,24.497020721435547,120.67644500732422,26,0,215,96,8
2022-10-26 01:41:16,3D,24.497007369995117,120.67646026611328,28,0,170,93,8
2022-10-26 01:41:31,3D,24.49695587158203,120.67643737792969,23,1,170,129,8
2022-10-26 01:41:46,3D,24.496915817260742,120.67646789550781,20,0,126,124,11
2022-10-26 01:42:01,3D,24.49693489074707,120.67645263671875,20,0,131,126,10
2022-10-26 01:42:16,3D,24.497007369995117,120.67642974853516,20,0,198,91,11
2022-10-26 01:42:31,3D,24.496997833251953,120.67644500732422,21,0,113,93,10
2022-10-26 01:42:46,3D,24.496999740600586,120.67642974853516,21,0,89,93,9
2022-10-26 01:43:01,3D,24.496994018554688,120.6763916015625,21,0,24,93,9
2022-10-26 01:43:16,3D,24.496978759765625,120.67640686035156,21,0,233,92,9
2022-10-26 01:43:31,3D,24.496984481811523,120.6764144897461,22,0,251,125,9
2022-10-26 01:43:46,3D,24.496992111206055,120.67643737792969,23,0,47,91,10
2022-10-26 01:44:01,3D,24.496984481811523,120.67642974853516,23,0,183,91,10
2022-10-26 01:44:16,3D,24.49697494506836,120.67642211914062,23,0,156,132,9
2022-10-26 01:44:31,3D,24.49701690673828,120.6763687133789,23,0,255,142,6
2022-10-26 01:47:17,3D,24.4969425201416,120.67644500732422,22,1,106,231,6
2022-10-26 01:47:32,3D,24.497024536132812,120.67642211914062,22,1,108,231,6
2022-10-26 01:50:19,3D,24.49551773071289,120.67621612548828,24,16,150,71,15
2022-10-26 01:50:35,3D,24.49432373046875,120.67692565917969,41,19,158,71,15
2022-10-26 01:53:22,3D,24.464229583740234,120.67623901367188,158,24,157,73,15
2022-10-26 01:53:37,3D,24.461040496826172,120.67704772949219,154,24,166,71,16
2022-10-26 01:56:24,3D,24.425220489501953,120.68231964111328,131,24,180,67,15
2022-10-26 01:56:39,3D,24.421817779541016,120.68315124511719,126,26,168,67,15
2022-10-26 01:59:25,3D,24.386560440063477,120.68758392333984,123,22,192,67,15
2022-10-26 01:59:41,3D,24.38364601135254,120.68688201904297,128,23,183,67,15
2022-10-26 02:02:28,3D,24.350675582885742,120.68932342529297,196,23,161,72,15
2022-10-26 02:02:43,3D,24.347652435302734,120.69007873535156,201,22,167,72,15
2022-10-26 02:05:30,3D,24.313920974731445,120.6966552734375,238,24,172,72,15
2022-10-26 02:05:45,3D,24.310937881469727,120.69693756103516,237,25,173,72,15
2022-10-26 02:08:31,3D,24.27648162841797,120.69376373291016,206,21,180,71,15
2022-10-26 02:08:47,3D,24.273468017578125,120.69379425048828,193,22,181,71,15
2022-10-26 02:11:33,3D,24.24174690246582,120.6893081665039,207,20,193,70,15
2022-10-26 02:11:48,3D,24.23883819580078,120.68917846679688,201,20,193,70,15
2022-10-26 02:14:35,No-Fixed,24.228763580322266,120.68869018554688,198,1,270,171,6
2022-10-26 02:14:50,3D,24.228757858276367,120.68865966796875,197,0,284,121,7
2022-10-26 02:17:38,3D,24.228797912597656,120.6886215209961,194,0,322,277,5
2022-10-26 02:17:53,3D,24.228723526000977,120.68872833251953,216,0,342,81,12
2022-10-26 02:20:39,3D,24.228700637817383,120.68896484375,247,3,298,127,7
2022-10-26 02:20:55,3D,24.228727340698242,120.68879699707031,210,1,284,76,13
2022-10-26 02:23:42,3D,24.22869873046875,120.68907928466797,216,2,287,97,9
2022-10-26 02:23:57,3D,24.228736877441406,120.68890380859375,206,1,288,96,10
2022-10-26 02:26:44,3D,24.2287540435791,120.68882751464844,204,1,286,93,9
2022-10-26 02:26:59,3D,24.22874641418457,120.68881225585938,202,0,289,89,11
2022-10-26 02:29:46,3D,24.22882652282715,120.68841552734375,201,0,278,134,7
2022-10-26 02:30:01,3D,24.228771209716797,120.68870544433594,201,0,280,67,14
2022-10-26 02:32:47,No-Fixed,24.228784561157227,120.68814849853516,201,0,293,9999,0
2022-10-26 02:33:02,3D,24.22870445251465,120.68826293945312,201,2,253,211,8
2022-10-26 02:35:49,3D,24.228851318359375,120.68870544433594,201,0,66,167,7
2022-10-26 02:36:04,3D,24.228710174560547,120.68856811523438,201,0,207,220,6
2022-10-26 02:38:51,No-Fixed,24.22870445251465,120.68891906738281,201,1,186,858,3
2022-10-26 02:39:06,3D,24.228679656982422,120.68858337402344,201,1,238,180,6
2022-10-26 02:41:54,3D,24.228641510009766,120.68894958496094,171,2,307,247,7
2022-10-26 02:42:09,3D,24.228635787963867,120.68879699707031,176,2,277,141,10
2022-10-26 02:44:55,3D,24.228727340698242,120.6883544921875,175,3,308,428,4
2022-10-26 02:45:11,3D,24.228721618652344,120.6884994506836,174,0,309,108,8
2022-10-26 02:47:57,No-Fixed,24.228925704956055,120.68832397460938,174,1,310,430,5
2022-10-26 02:48:13,3D,24.228548049926758,120.68863677978516,177,1,308,126,7
2022-10-26 02:51:00,3D,24.22864532470703,120.68850708007812,176,2,305,114,7
2022-10-26 02:51:15,3D,24.228748321533203,120.68843841552734,175,2,305,217,6
2022-10-26 02:54:01,3D,24.22879981994629,120.68855285644531,175,3,307,136,6
2022-10-26 02:54:17,3D,24.228679656982422,120.68856811523438,174,0,311,86,10
2022-10-26 02:57:03,3D,24.22900390625,120.68880462646484,174,3,310,107,8
2022-10-26 02:57:19,3D,24.22877311706543,120.68839263916016,173,0,323,117,8
2022-10-26 03:00:06,3D,24.22870445251465,120.68852996826172,181,3,317,103,8
2022-10-26 03:00:21,3D,24.22866439819336,120.68851470947266,169,1,290,86,10
2022-10-26 03:03:07,3D,24.22898292541504,120.68824005126953,169,1,300,404,5
2022-10-26 03:03:23,3D,24.228759765625,120.68846893310547,167,1,312,117,9
2022-10-26 03:06:10,3D,24.228776931762695,120.68850708007812,165,4,298,126,7
2022-10-26 03:06:25,3D,24.228759765625,120.68852996826172,165,1,296,80,12
2022-10-26 03:09:11,3D,24.22874641418457,120.68858337402344,165,2,297,219,7
2022-10-26 03:09:27,3D,24.228961944580078,120.68846130371094,165,0,297,129,8
2022-10-26 03:12:14,3D,24.228727340698242,120.6885986328125,165,2,299,257,7
2022-10-26 03:12:29,3D,24.22885513305664,120.68842315673828,162,1,294,105,8
2022-10-26 03:15:16,3D,24.228713989257812,120.68824005126953,162,5,294,117,8
2022-10-26 03:15:31,3D,24.228702545166016,120.6884994506836,162,0,290,90,8
2022-10-26 03:18:18,3D,24.22863006591797,120.68893432617188,129,3,288,115,8
2022-10-26 03:18:33,3D,24.228605270385742,120.6885757446289,148,2,288,85,9
2022-10-26 03:21:19,No-Fixed,24.228605270385742,120.68854522705078,149,0,0,9999,0
2022-10-26 03:21:34,No-Fixed,24.228605270385742,120.68854522705078,149,0,0,9999,0
2022-10-26 03:24:21,No-Fixed,24.228605270385742,120.68854522705078,149,0,0,9999,0
2022-10-26 03:24:36,No-Fixed,24.228605270385742,120.68854522705078,149,0,0,9999,0
2022-10-26 03:27:22,No-Fixed,24.228605270385742,120.68854522705078,149,0,0,9999,0
2022-10-26 03:27:37,No-Fixed,24.228605270385742,120.68854522705078,149,0,0,9999,0
