2000-01-06 00:00:18,No-Fixed,24.228803634643555,120.6882095336914,154,0,0,9999,0
2000-01-05 23:59:38,No-Fixed,24.228803634643555,120.6882095336914,154,0,0,9999,0
2000-01-05 06:50:26,No-Fixed,24.228803634643555,120.6882095336914,134,0,0,9999,0
2000-01-05 06:50:32,No-Fixed,24.228803634643555,120.6882095336914,134,0,0,9999,0
2000-01-05 06:50:47,No-Fixed,24.228803634643555,120.6882095336914,134,0,0,9999,0
2022-10-26 06:50:48,No-Fixed,24.496978759765625,120.67650604248047,22,0,276,212,4
2022-10-26 06:51:03,3D,24.49696159362793,120.67652130126953,12,0,177,111,8
2022-10-26 06:51:18,3D,24.497013092041016,120.676513671875,15,0,85,151,6
2022-10-26 06:51:33,3D,24.497034072875977,120.67648315429688,18,0,23,136,7
2022-10-26 06:51:48,3D,24.49701690673828,120.67648315429688,10,0,277,149,6
2022-10-26 06:52:03,3D,24.49702262878418,120.67645263671875,9,0,18,122,6
2022-10-26 06:52:18,3D,24.49700927734375,120.6765365600586,6,1,87,154,6
2022-10-26 06:52:33,3D,24.497013092041016,120.67658233642578,5,0,104,160,6
2022-10-26 06:52:48,3D,24.496959686279297,120.67646789550781,5,0,295,160,6
2022-10-26 06:53:03,3D,24.496957778930664,120.67652130126953,3,0,73,181,5
2022-10-26 06:53:18,3D,24.497028350830078,120.67656707763672,9,0,311,89,11
2022-10-26 06:53:33,3D,24.497013092041016,120.67655181884766,11,0,311,85,12
2022-10-26 06:53:48,3D,24.49699592590332,120.67646789550781,6,0,317,85,13
2022-10-26 06:54:03,3D,24.49703025817871,120.67640686035156,0,0,241,85,13
2022-10-26 06:54:18,3D,24.497018814086914,120.67646026611328,-5,0,122,90,12
2022-10-26 06:54:33,3D,24.497028350830078,120.67646789550781,-6,0,312,85,13
2022-10-26 06:57:19,3D,24.497037887573242,120.67636108398438,-6,0,177,212,5
2022-10-26 06:57:35,3D,24.496957778930664,120.67648315429688,-6,0,137,110,10
2022-10-26 07:00:21,3D,24.49530792236328,120.67677307128906,-3,10,135,95,12
2022-10-26 07:00:37,3D,24.495223999023438,120.67731475830078,-2,13,246,79,14
2022-10-26 07:03:24,3D,24.469940185546875,120.68499755859375,138,14,280,76,15
2022-10-26 07:03:39,3D,24.469667434692383,120.6854248046875,169,23,161,67,16
2022-10-26 07:06:25,3D,24.428335189819336,120.68814849853516,190,26,176,71,15
2022-10-26 07:06:41,3D,24.42453956604004,120.6888656616211,187,28,169,71,15
2022-10-26 07:09:28,3D,24.385475158691406,120.69206237792969,162,27,166,71,15
2022-10-26 07:09:43,3D,24.381948471069336,120.69265747070312,169,23,168,71,15
2022-10-26 07:12:30,3D,24.34475326538086,120.70552062988281,211,27,148,71,15
2022-10-26 07:12:45,3D,24.34178352355957,120.7078857421875,200,27,141,71,15
2022-10-26 07:15:31,3D,24.30660629272461,120.71000671386719,252,23,202,81,14
2022-10-26 07:15:48,3D,24.302675247192383,120.70995330810547,250,26,178,81,14
2022-10-26 07:18:35,3D,24.266284942626953,120.6981430053711,211,23,198,71,15
2022-10-26 07:18:50,3D,24.263195037841797,120.69673919677734,200,25,193,72,15
2022-10-26 07:21:37,3D,24.228797912597656,120.6881332397461,194,18,148,74,14
2022-10-26 07:21:52,3D,24.22878074645996,120.6885757446289,174,0,296,82,14
2022-10-26 07:24:39,3D,24.22873306274414,120.68883514404297,172,2,270,161,7
2022-10-26 07:24:54,3D,24.22882843017578,120.68879699707031,171,0,265,82,12
2022-10-26 07:27:40,3D,24.228851318359375,120.68878936767578,172,0,351,229,5
2022-10-26 07:27:56,3D,24.228900909423828,120.68851470947266,169,0,253,138,8
2022-10-26 07:30:42,No-Fixed,24.229507446289062,120.68846893310547,170,0,276,487,4
2022-10-26 07:30:57,No-Fixed,24.228952407836914,120.68838500976562,170,1,297,192,5
2022-10-26 07:33:44,No-Fixed,24.228164672851562,120.68919372558594,168,0,113,567,3
2022-10-26 07:33:59,3D,24.22863006591797,120.68888854980469,182,0,155,304,4
2022-10-26 07:36:46,No-Fixed,24.228899002075195,120.68850708007812,170,0,0,9999,0
2022-10-26 07:37:01,No-Fixed,24.228801727294922,120.68840789794922,170,0,120,9999,2
2022-10-26 07:39:47,3D,24.228796005249023,120.68883514404297,216,4,325,97,9
2022-10-26 07:40:03,3D,24.228893280029297,120.68848419189453,177,4,316,156,6
2022-10-26 07:42:49,No-Fixed,24.22873306274414,120.68856048583984,176,1,9,376,4
2022-10-26 07:43:05,3D,24.228792190551758,120.68879699707031,178,0,252,267,5
2022-10-26 07:45:51,No-Fixed,24.228803634643555,120.68880462646484,178,0,0,9999,0
2022-10-26 07:46:06,No-Fixed,24.228803634643555,120.68880462646484,178,0,0,9999,0
2022-10-26 07:48:53,No-Fixed,24.228803634643555,120.68880462646484,178,0,0,9999,0
2022-10-26 07:49:08,No-Fixed,24.228803634643555,120.68880462646484,178,0,0,9999,0
2022-10-26 07:51:54,No-Fixed,24.228803634643555,120.68880462646484,178,0,0,9999,0
2022-10-26 07:52:09,No-Fixed,24.228803634643555,120.68880462646484,178,0,0,9999,0
2022-10-26 07:54:56,No-Fixed,24.228803634643555,120.68880462646484,178,0,0,9999,0
2022-10-26 07:55:11,No-Fixed,24.228803634643555,120.68880462646484,178,0,0,9999,0
2022-10-26 07:57:58,No-Fixed,24.228803634643555,120.68880462646484,178,0,0,9999,0
2022-10-26 07:58:13,No-Fixed,24.228803634643555,120.68880462646484,178,0,0,9999,0
2022-10-26 08:01:00,No-Fixed,24.228803634643555,120.68880462646484,178,0,0,9999,0
2022-10-26 08:01:15,No-Fixed,24.228803634643555,120.68880462646484,178,0,0,9999,0
2022-10-26 08:04:02,No-Fixed,24.228803634643555,120.68880462646484,178,0,0,9999,0
2022-10-26 08:04:17,No-Fixed,24.228803634643555,120.68880462646484,178,0,0,9999,0
2022-10-26 08:07:03,No-Fixed,24.228803634643555,120.68880462646484,178,0,0,9999,0
2022-10-26 08:07:18,No-Fixed,24.228803634643555,120.68880462646484,178,0,0,9999,0
2022-10-26 08:10:05,No-Fixed,24.228803634643555,120.68880462646484,178,0,0,9999,0
2022-10-26 08:10:20,No-Fixed,24.228803634643555,120.68880462646484,178,0,0,9999,0
